  Map.cpp
c:\users\daorin\source\repos\random map generator\random map generator\map.cpp(15): warning C4018: "<": niezgodność typu ze znakiem/bez znaku
c:\users\daorin\source\repos\random map generator\random map generator\map.cpp(17): warning C4018: "<": niezgodność typu ze znakiem/bez znaku
c:\users\daorin\source\repos\random map generator\random map generator\map.cpp(27): warning C4018: "<": niezgodność typu ze znakiem/bez znaku
c:\users\daorin\source\repos\random map generator\random map generator\map.cpp(28): warning C4018: "<": niezgodność typu ze znakiem/bez znaku
c:\users\daorin\source\repos\random map generator\random map generator\map.cpp(55): warning C4244: "argument": konwersja z "time_t" do "unsigned int", możliwa utrata danych
c:\users\daorin\source\repos\random map generator\random map generator\map.cpp(72): warning C4018: ">": niezgodność typu ze znakiem/bez znaku
c:\users\daorin\source\repos\random map generator\random map generator\map.cpp(118): warning C4018: ">": niezgodność typu ze znakiem/bez znaku
c:\users\daorin\source\repos\random map generator\random map generator\map.cpp(220): warning C4018: "<": niezgodność typu ze znakiem/bez znaku
c:\users\daorin\source\repos\random map generator\random map generator\map.cpp(221): warning C4018: "<": niezgodność typu ze znakiem/bez znaku
c:\users\daorin\source\repos\random map generator\random map generator\map.cpp(253): warning C4244: "argument": konwersja z "time_t" do "unsigned int", możliwa utrata danych
c:\users\daorin\source\repos\random map generator\random map generator\map.cpp(277): warning C4244: "argument": konwersja z "time_t" do "unsigned int", możliwa utrata danych
c:\users\daorin\source\repos\random map generator\random map generator\map.cpp(282): warning C4018: "<": niezgodność typu ze znakiem/bez znaku
c:\users\daorin\source\repos\random map generator\random map generator\map.cpp(372): warning C4244: "=": konwersja z "int" do "float", możliwa utrata danych
c:\users\daorin\source\repos\random map generator\random map generator\map.cpp(373): warning C4244: "=": konwersja z "int" do "float", możliwa utrata danych
c:\users\daorin\source\repos\random map generator\random map generator\map.cpp(465): warning C4018: "<": niezgodność typu ze znakiem/bez znaku
c:\users\daorin\source\repos\random map generator\random map generator\map.cpp(466): warning C4018: "<": niezgodność typu ze znakiem/bez znaku
  Random map generator.cpp
  Generowanie kodu...
c:\users\daorin\source\repos\random map generator\random map generator\map.cpp(460): warning C4715: "Map::analise_poss_v2”: niewszystkie ścieżki kodu zwracają wartość
  Random map generator.vcxproj -> C:\Users\Daorin\source\repos\Random map generator\Debug\Random map generator.exe
